Arguments: 
  D:\nodejs\node.exe C:\Users\Administrator\AppData\Roaming\npm\node_modules\yarn\bin\yarn.js

PATH: 
  C:\Users\Administrator\bin;C:\Program Files\Git\mingw64\bin;C:\Program Files\Git\usr\local\bin;C:\Program Files\Git\usr\bin;C:\Program Files\Git\usr\bin;C:\Program Files\Git\mingw64\bin;C:\Program Files\Git\usr\bin;C:\Users\Administrator\bin;C:\windows\system32;C:\windows;C:\windows\System32\Wbem;C:\windows\System32\WindowsPowerShell\v1.0;C:\Program Files\Git\cmd;D:\Program Files\TortoiseGit\bin;D:\nodejs;D:\svn\bin;C:\Users\Administrator\AppData\Local\Microsoft\WindowsApps;C:\Users\Administrator\AppData\Roaming\npm;D:\Microsoft VS Code\bin;C:\Program Files\Git\usr\bin\vendor_perl;C:\Program Files\Git\usr\bin\core_perl

Yarn version: 
  1.5.1

Node version: 
  8.2.1

Platform: 
  win32 x64

npm manifest: 
  {
    "name": "node-spider",
    "version": "0.0.0",
    "private": true,
    "scripts": {
    },
    "dependencies": {
      "body-parser": "~1.13.1",
      "cookie-parser": "~1.3.5",
      "debug": "~2.2.0",
      "express": "~4.13.0",
      "morgan": "~1.6.1",
      "node-schedule": "^1.2.0",
      "puppeteer": "^0.13.0",
      "request": "^2.78.0",
      "request-promise": "^4.2.2",
      "request-promise-native": "^1.0.5",
      "serve-favicon": "~2.3.0",
      "superagent": "^2.3.0",
      "superagent-charset": "^1.1.1",
      "url": "^0.11.0"
    },
    "devDependencies": {
      "request": "^2.83.0",
      "superagent-promise-plugin": "^3.2.0"
    }
  }

yarn manifest: 
  No manifest

Lockfile: 
  No lockfile

Trace: 
  Error: connect ETIMEDOUT 104.16.63.173:443
      at Object.exports._errnoException (util.js:1024:11)
      at exports._exceptionWithHostPort (util.js:1047:20)
      at TCPConnectWrap.afterConnect [as oncomplete] (net.js:1150:14)
